app/seeds.txt
com.chwishay.chwsp00.R$attr: int layout_constraintBaseline_creator
com.chwishay.chwsp00.R$style: int ThemeOverlay_MaterialComponents_TextInputEditText
com.chwishay.chwsp00.R$attr: int iconTintMode
com.chwishay.chwsp00.R$drawable: int abc_text_select_handle_middle_mtrl_dark
com.chwishay.chwsp00.R$styleable: int AlertDialog_android_layout
com.chwishay.chwsp00.R$style: int Widget_MaterialComponents_Snackbar_FullWidth
com.chwishay.chwsp00.R$styleable: int Chip_chipIconTint
com.chwishay.chwsp00.R$styleable: int ConstraintSet_layout_constraintBottom_toBottomOf
com.chwishay.chwsp00.R$styleable: int Constraint_layout_goneMarginLeft
com.chwishay.chwsp00.R$layout: int fragment_gait_evaluation_report
com.chwishay.chwsp00.R$styleable: int CoordinatorLayout_Layout_layout_anchor
com.chwishay.chwsp00.R$attr: int firstBaselineToTopHeight
com.chwishay.chwsp00.R$styleable: int MaterialComponentsTheme_textAppearanceHeadline2
com.chwishay.chwsp00.R$anim: int btn_checkbox_to_unchecked_check_path_merged_animation
com.chwishay.chwsp00.R$color: int secondary_text_default_material_light
com.chwishay.chwsp00.R$attr: int iconEndPadding
com.chwishay.chwsp00.R$style: int TextAppearance_MaterialComponents_Headline4
com.chwishay.chwsp00.R$anim: int abc_popup_exit
com.chwishay.chwsp00.R$styleable: int FloatingActionButton_pressedTranslationZ
com.chwishay.chwsp00.R$attr: int contentPaddingRight
com.chwishay.chwsp00.R$anim: int btn_radio_to_off_mtrl_dot_group_animation
com.chwishay.chwsp00.R$color: int bright_foreground_inverse_material_dark
com.chwishay.chwsp00.R$styleable: int NavigationView_menu
com.chwishay.chwsp00.R$attr: int layout_constraintTop_toBottomOf
com.chwishay.chwsp00.R$styleable: int BottomAppBar_fabAlignmentMode
com.chwishay.chwsp00.R$style: int Base_V14_Theme_MaterialComponents_Light_Dialog
com.chwishay.chwsp00.R$attr: int listLayout
com.chwishay.chwsp00.R$attr: int dividerVertical
com.chwishay.chwsp00.R$mipmap: int icon_file
com.chwishay.chwsp00.R$attr: int flow_maxElementsWrap
com.chwishay.chwsp00.R$attr: int layout_constraintCircle
com.chwishay.chwsp00.R$styleable: int ScrimInsetsFrameLayout_insetForeground
com.chwishay.chwsp00.R$styleable: int Variant_constraints
com.chwishay.chwsp00.R$id: int btnCmd
com.chwishay.chwsp00.R$style: int Base_TextAppearance_Widget_AppCompat_Toolbar_Title
com.chwishay.chwsp00.R$drawable: int abc_textfield_activated_mtrl_alpha
com.chwishay.chwsp00.R$styleable: int KeyTrigger_triggerId
com.chwishay.chwsp00.R$style: int Base_Widget_AppCompat_Button_Borderless_Colored
com.chwishay.chwsp00.R$style: int Base_Widget_AppCompat_Spinner_Underlined
com.chwishay.chwsp00.R$attr: int layout_constraintHorizontal_chainStyle
com.chwishay.chwsp00.R$style: int Widget_MaterialComponents_CardView
com.chwishay.chwsp00.R$styleable: int BottomAppBar_fabCradleRoundedCornerRadius
com.chwishay.chwsp00.R$styleable: int TextAppearance_android_textColorHint
com.chwishay.chwsp00.R$styleable: int View_paddingStart
com.chwishay.chwsp00.R$style: int Theme_AppCompat_Light_DialogWhenLarge
com.chwishay.chwsp00.R$id: int submit_area
com.chwishay.chwsp00.R$styleable: int AppCompatTheme_windowMinWidthMinor
com.chwishay.chwsp00.R$attr: int chipSpacingHorizontal
com.chwishay.chwsp00.R$id: int FUNCTION
com.chwishay.chwsp00.R$dimen: int compat_button_inset_vertical_material
com.chwishay.chwsp00.R$string: int single_crutch
com.chwishay.chwsp00.R$styleable: int AppCompatTheme_listMenuViewStyle
com.chwishay.chwsp00.R$string: int ankle_joint_brace
com.chwishay.chwsp00.R$id: int txt_mac
com.chwishay.chwsp00.R$id: int guideline
com.chwishay.chwsp00.R$styleable: int ButtonBarLayout_allowStacking
com.chwishay.chwsp00.R$styleable: int ConstraintLayout_Layout_layout_constraintEnd_toStartOf
com.chwishay.chwsp00.R$styleable: int CustomAttribute_customIntegerValue
com.chwishay.chwsp00.R$attr: int motionStagger
com.chwishay.chwsp00.R$attr: int flow_lastHorizontalBias
com.chwishay.chwsp00.R$style: int Theme_MaterialComponents_NoActionBar_Bridge
...
androidx.constraintlayout.widget.R$styleable: int AppCompatSeekBar_tickMarkTint
androidx.constraintlayout.widget.R$styleable: int ConstraintSet_android_translationY
com.google.android.material.R$attr: int arrowShaftLength
androidx.constraintlayout.widget.R$styleable: int FontFamily_fontProviderAuthority
androidx.appcompat.R$style: int Widget_AppCompat_DrawerArrowToggle
androidx.constraintlayout.widget.R$id: int aligned
androidx.fragment.R$anim: int fragment_close_enter
androidx.appcompat.widget.LinearLayoutCompat: void setDividerDrawable(android.graphics.drawable.Drawable)
com.google.android.material.chip.Chip: void setTextStartPaddingResource(int)
com.google.android.material.R$style: int Base_V7_Theme_AppCompat_Light
com.umeng.analytics.pro.al: android.location.LocationManager b
androidx.constraintlayout.widget.R$styleable: int ConstraintLayout_Layout_flow_firstHorizontalBias
com.umeng.commonsdk.framework.UMModuleRegister: int SHARE_EVENT_VALUE_LOW
androidx.recyclerview.widget.RecyclerView: void setAdapter(androidx.recyclerview.widget.RecyclerView$Adapter)
com.umeng.analytics.pro.z: com.umeng.analytics.pro.ae d()
androidx.appcompat.R$attr: int titleTextStyle
com.google.android.material.R$attr: int actionBarDivider
androidx.drawerlayout.R$styleable: int DrawerLayout_elevation
com.google.android.material.R$id: int icon
com.google.android.material.R$styleable: int FontFamilyFont_android_font
com.umeng.umcrash.R$styleable: int AppCompatTheme_checkedTextViewStyle
com.umeng.umcrash.R$styleable: int MenuGroup_android_checkableBehavior
com.umeng.analytics.pro.bg: int a(long,long)
com.umeng.commonsdk.BuildConfig: java.lang.String BUILD_TYPE
com.umeng.umcrash.R$attr: int titleMarginStart
com.google.android.material.R$styleable: int MaterialComponentsTheme_textAppearanceBody2
com.google.android.material.R$drawable: int design_snackbar_background
androidx.constraintlayout.widget.R$styleable: int DrawerArrowToggle_drawableSize
com.google.android.material.R$style: int TextAppearance_AppCompat_Display2
androidx.constraintlayout.widget.R$styleable: int LinearLayoutCompat_android_orientation
com.google.android.material.R$style: int Theme_AppCompat
com.uc.crashsdk.e: int C
com.google.android.material.tabs.TabLayout: void setTabIndicatorFullWidth(boolean)
com.umeng.analytics.pro.by$b: byte k
androidx.constraintlayout.widget.R$styleable: int AppCompatTextView_lastBaselineToBottomHeight
com.umeng.analytics.pro.ce: void a(boolean)
androidx.appcompat.R$styleable: int MenuItem_android_menuCategory
com.umeng.commonsdk.internal.utils.g: int b(java.lang.Process)
com.umeng.commonsdk.internal.utils.d$a: java.lang.String j
androidx.constraintlayout.widget.R$id: int flip
com.umeng.analytics.pro.t: int a()
com.google.android.material.R$styleable: int TextInputLayout_boxStrokeColor
com.google.android.material.R$styleable: int SwitchCompat_switchMinWidth
com.uc.crashsdk.b: java.lang.String b(java.lang.String)
com.umeng.umcrash.R$color: int abc_background_cache_hint_selector_material_dark
com.umeng.analytics.pro.k: void onActivitySaveInstanceState(android.app.Activity,android.os.Bundle)
com.google.android.material.appbar.CollapsingToolbarLayout: void setExpandedTitleTextColor(android.content.res.ColorStateList)
androidx.appcompat.R$style: int Base_Widget_AppCompat_Button_Borderless_Colored
com.umeng.commonsdk.statistics.internal.a: boolean a(java.lang.String)
com.umeng.commonsdk.statistics.proto.e: void clear()
androidx.constraintlayout.widget.R$styleable: int[] Constraint
com.google.android.material.R$attr: int layoutManager
com.umeng.commonsdk.config.d
com.umeng.commonsdk.listener.OnGetOaidListener: void onGetOaid(java.lang.String)
androidx.appcompat.R$styleable: int GradientColor_android_gradientRadius
com.google.android.material.snackbar.SnackbarContentLayout: android.widget.Button getActionView()
com.umeng.commonsdk.statistics.proto.e$a: void a(com.umeng.analytics.pro.ce,com.umeng.analytics.pro.bf)
com.umeng.analytics.pro.h: java.lang.String b