app/mapping.txt
# compiler: R8
# compiler_version: 2.1.86
# min_api: 21
# pg_map_id: 30ce318
# common_typos_disable
com.chwishay.chwsp00.DataBinderMapperImpl -> com.chwishay.chwsp00.DataBinderMapperImpl:
    android.util.SparseIntArray INTERNAL_LAYOUT_ID_LOOKUP -> a
    java.util.List collectDependencies() -> a
    androidx.databinding.ViewDataBinding getDataBinder(androidx.databinding.DataBindingComponent,android.view.View,int) -> b
    androidx.databinding.ViewDataBinding getDataBinder(androidx.databinding.DataBindingComponent,android.view.View[],int) -> c
com.chwishay.chwsp00.activity.ChartActivity -> com.chwishay.chwsp00.activity.ChartActivity:
    com.chwishay.chwsp00.activity.ChartActivity$Companion Companion -> v
    java.util.HashMap _$_findViewCache -> u
    int getLayoutId() -> K
    void initVariables() -> L
    void initViews() -> M
    void loadData() -> N
    android.view.View _$_findCachedViewById(int) -> O
    void test() -> P
com.chwishay.chwsp00.activity.ChartActivity$Companion -> com.chwishay.chwsp00.activity.ChartActivity$a:
    void startActivity(android.content.Context) -> a
com.chwishay.chwsp00.activity.ChartActivity$initViews$1 -> com.chwishay.chwsp00.activity.ChartActivity$b:
    void onValueSelected(com.github.mikephil.charting.data.Entry,com.github.mikephil.charting.highlight.Highlight) -> a
    void onNothingSelected() -> b
com.chwishay.chwsp00.activity.ChooseAnalysisIntervalFragment -> com.chwishay.chwsp00.activity.ChooseAnalysisIntervalFragment:
    java.util.HashMap _$_findViewCache -> a0
    void onCreate(android.os.Bundle) -> b0
    android.view.View onCreateView(android.view.LayoutInflater,android.view.ViewGroup,android.os.Bundle) -> f0
    void onDestroyView() -> i0
    void _$_clearFindViewByIdCache() -> p1
com.chwishay.chwsp00.activity.FeaturesEntryFragment -> com.chwishay.chwsp00.activity.FeaturesEntryFragment:
    com.chwishay.chwsp00.databinding.FragmentFeaturesEntryBinding binding -> a0
    java.util.HashMap _$_findViewCache -> b0
    void onCreate(android.os.Bundle) -> b0
    android.view.View onCreateView(android.view.LayoutInflater,android.view.ViewGroup,android.os.Bundle) -> f0
    void onDestroyView() -> i0
    void _$_clearFindViewByIdCache() -> p1
com.chwishay.chwsp00.activity.FeaturesEntryFragment$onCreateView$1 -> com.chwishay.chwsp00.activity.FeaturesEntryFragment$a:
    com.chwishay.chwsp00.activity.FeaturesEntryFragment this$0 -> a
com.chwishay.chwsp00.activity.FeaturesEntryFragment$onCreateView$2 -> com.chwishay.chwsp00.activity.FeaturesEntryFragment$b:
    com.chwishay.chwsp00.activity.FeaturesEntryFragment$onCreateView$2 INSTANCE -> a
com.chwishay.chwsp00.activity.FeaturesEntryFragment$onCreateView$3 -> com.chwishay.chwsp00.activity.FeaturesEntryFragment$c:
    com.chwishay.chwsp00.activity.FeaturesEntryFragment$onCreateView$3 INSTANCE -> a
com.chwishay.chwsp00.activity.FeaturesEntryFragment$onCreateView$4 -> com.chwishay.chwsp00.activity.FeaturesEntryFragment$d:
    com.chwishay.chwsp00.activity.FeaturesEntryFragment$onCreateView$4 INSTANCE -> a
com.chwishay.chwsp00.activity.GaitEvaluationReportFragment -> com.chwishay.chwsp00.activity.GaitEvaluationReportFragment:
    java.util.HashMap _$_findViewCache -> a0
    void onCreate(android.os.Bundle) -> b0
    android.view.View onCreateView(android.view.LayoutInflater,android.view.ViewGroup,android.os.Bundle) -> f0
    void onDestroyView() -> i0
    void _$_clearFindViewByIdCache() -> p1
com.chwishay.chwsp00.activity.LineChartActivity -> com.chwishay.chwsp00.activity.LineChartActivity:
    int getLayoutId() -> K
    void initVariables() -> L
    void initViews() -> M
    void loadData() -> N
...
com.google.android.material.internal.NavigationMenuPresenter$NavigationMenuItem -> e.d.a.a.x.g$e:
com.google.android.material.internal.NavigationMenuPresenter$NavigationMenuSeparatorItem -> e.d.a.a.x.g$f:
    int paddingBottom -> b
    int paddingTop -> a
    int getPaddingBottom() -> a
    int getPaddingTop() -> b
com.google.android.material.internal.NavigationMenuPresenter$NavigationMenuTextItem -> e.d.a.a.x.g$g:
    androidx.appcompat.view.menu.MenuItemImpl menuItem -> a
    boolean needsEmptyIcon -> b
    androidx.appcompat.view.menu.MenuItemImpl getMenuItem() -> a
com.google.android.material.internal.NavigationMenuPresenter$NormalViewHolder -> e.d.a.a.x.g$h:
com.google.android.material.internal.NavigationMenuPresenter$SeparatorViewHolder -> e.d.a.a.x.g$i:
com.google.android.material.internal.NavigationMenuPresenter$SubheaderViewHolder -> e.d.a.a.x.g$j:
com.google.android.material.internal.NavigationMenuPresenter$ViewHolder -> e.d.a.a.x.g$k:
com.google.android.material.internal.NavigationMenuView -> com.google.android.material.internal.NavigationMenuView:
    void initialize(androidx.appcompat.view.menu.MenuBuilder) -> b
com.google.android.material.internal.NavigationSubMenu -> e.d.a.a.x.h:
    void onItemsChanged(boolean) -> M
com.google.android.material.internal.ParcelableSparseArray$1 -> com.google.android.material.internal.ParcelableSparseArray$a:
    com.google.android.material.internal.ParcelableSparseArray createFromParcel(android.os.Parcel) -> a
    com.google.android.material.internal.ParcelableSparseArray createFromParcel(android.os.Parcel,java.lang.ClassLoader) -> b
    com.google.android.material.internal.ParcelableSparseArray[] newArray(int) -> c
com.google.android.material.internal.ScrimInsetsFrameLayout -> com.google.android.material.internal.ScrimInsetsFrameLayout:
    android.graphics.Rect tempRect -> c
    android.graphics.drawable.Drawable insetForeground -> a
    android.graphics.Rect insets -> b
    void onInsetsChanged(androidx.core.view.WindowInsetsCompat) -> a
com.google.android.material.internal.ScrimInsetsFrameLayout$1 -> com.google.android.material.internal.ScrimInsetsFrameLayout$a:
    com.google.android.material.internal.ScrimInsetsFrameLayout this$0 -> a
    androidx.core.view.WindowInsetsCompat onApplyWindowInsets(android.view.View,androidx.core.view.WindowInsetsCompat) -> a
com.google.android.material.internal.StateListAnimator -> e.d.a.a.x.i:
    com.google.android.material.internal.StateListAnimator$Tuple lastMatch -> b
    android.animation.ValueAnimator runningAnimator -> c
    android.animation.Animator$AnimatorListener animationListener -> d
    java.util.ArrayList tuples -> a
    void addState(int[],android.animation.ValueAnimator) -> a
    void cancel() -> b
    void jumpToCurrentState() -> c
    void setState(int[]) -> d
    void start(com.google.android.material.internal.StateListAnimator$Tuple) -> e
com.google.android.material.internal.StateListAnimator$1 -> e.d.a.a.x.i$a:
    com.google.android.material.internal.StateListAnimator this$0 -> a
com.google.android.material.internal.StateListAnimator$Tuple -> e.d.a.a.x.i$b:
    int[] specs -> a
    android.animation.ValueAnimator animator -> b
com.google.android.material.internal.TextScale -> e.d.a.a.x.j:
    void captureEndValues(androidx.transition.TransitionValues) -> h
    void captureValues(androidx.transition.TransitionValues) -> h0
    void captureStartValues(androidx.transition.TransitionValues) -> k
    android.animation.Animator createAnimator(android.view.ViewGroup,androidx.transition.TransitionValues,androidx.transition.TransitionValues) -> o
com.google.android.material.internal.TextScale$1 -> e.d.a.a.x.j$a:
    android.widget.TextView val$view -> a