app/unused.txt
com.chwishay.chwsp00.R
com.chwishay.chwsp00.model.RecordDetailData
com.chwishay.chwsp00.btUtil.NotifyAdapter$NotifyViewHolder:
    public final android.widget.TextView getTvRechargeState()
com.chwishay.chwsp00.model.BleDeviceInfo$writeSrc2File$1
com.chwishay.chwsp00.databinding.FragmentGaitEvaluationReportBinding:
    public static com.chwishay.chwsp00.databinding.FragmentGaitEvaluationReportBinding inflate(android.view.LayoutInflater,android.view.ViewGroup,boolean)
    public static com.chwishay.chwsp00.databinding.FragmentGaitEvaluationReportBinding inflate(android.view.LayoutInflater,android.view.ViewGroup,boolean,java.lang.Object)
    public static com.chwishay.chwsp00.databinding.FragmentGaitEvaluationReportBinding inflate(android.view.LayoutInflater)
    public static com.chwishay.chwsp00.databinding.FragmentGaitEvaluationReportBinding inflate(android.view.LayoutInflater,java.lang.Object)
    public static com.chwishay.chwsp00.databinding.FragmentGaitEvaluationReportBinding bind(android.view.View)
    public static com.chwishay.chwsp00.databinding.FragmentGaitEvaluationReportBinding bind(android.view.View,java.lang.Object)
    public abstract void setUserInfo(com.chwishay.chwsp00.model.UserInfo)
    public com.chwishay.chwsp00.model.UserInfo getUserInfo()
    public abstract void setRecordDetailData(com.chwishay.chwsp00.model.RecordDetailData)
    public com.chwishay.chwsp00.model.RecordDetailData getRecordDetailData()
    protected com.chwishay.chwsp00.model.UserInfo mUserInfo
    protected com.chwishay.chwsp00.model.RecordDetailData mRecordDetailData
com.chwishay.chwsp00.activity.ChooseAnalysisIntervalFragment$Companion:
    public final com.chwishay.chwsp00.activity.ChooseAnalysisIntervalFragment newInstance(java.lang.String,java.lang.String)
com.chwishay.chwsp00.activity.FeaturesEntryFragment:
    public static final com.chwishay.chwsp00.activity.FeaturesEntryFragment newInstance(java.lang.String,java.lang.String)
    public android.view.View _$_findCachedViewById(int)
com.chwishay.chwsp00.activity.RecentLoginUsersFragment:
    public static final com.chwishay.chwsp00.activity.RecentLoginUsersFragment newInstance(java.lang.String,java.lang.String)
    public android.view.View _$_findCachedViewById(int)
com.chwishay.chwsp00.databinding.FragmentWalkAbilityTestBindingImpl:
    public boolean setVariable(int,java.lang.Object)
    public void setUserInfo(com.chwishay.chwsp00.model.UserInfo)
    protected boolean onFieldChange(int,java.lang.Object,int)
com.chwishay.chwsp00.btUtil.BtTestActivity:
    public static final void startActivity(android.content.Context)
    public void _$_clearFindViewByIdCache()
com.chwishay.chwsp00.databinding.FragmentRecentLoginUsersBinding:
    public static com.chwishay.chwsp00.databinding.FragmentRecentLoginUsersBinding inflate(android.view.LayoutInflater)
    public static com.chwishay.chwsp00.databinding.FragmentRecentLoginUsersBinding inflate(android.view.LayoutInflater,java.lang.Object)
    public static com.chwishay.chwsp00.databinding.FragmentRecentLoginUsersBinding bind(android.view.View)
    public static com.chwishay.chwsp00.databinding.FragmentRecentLoginUsersBinding bind(android.view.View,java.lang.Object)
com.chwishay.chwsp00.btUtil.DeviceAdapter:
    public void clear()
com.chwishay.chwsp00.views.MultiRadioGroup$LayoutParams:
    public void <init>(int,int,float)
    public void <init>(android.view.ViewGroup$LayoutParams)
    public void <init>(android.view.ViewGroup$MarginLayoutParams)
...
io.netty.handler.timeout.WriteTimeoutHandler
io.netty.channel.socket.nio.NioSocketChannel$NioSocketChannelUnsafe
androidx.sqlite.db.SupportSQLiteOpenHelper$Factory
kotlin.text.MatcherMatchResult$groups$1
org.jetbrains.anko.sdk27.coroutines.__GestureOverlayView_OnGestureListener
io.netty.handler.codec.mqtt.MqttPubAckMessage
androidx.constraintlayout.solver.state.helpers.BarrierReference
androidx.asynclayoutinflater.view.AsyncLayoutInflater$InflateRequest
io.netty.handler.codec.http.HttpClientUpgradeHandler$UpgradeEvent
com.github.mikephil.charting.components.MarkerView
androidx.lifecycle.livedata.core.ktx.R
kotlinx.coroutines.flow.FlowKt__MigrationKt$combineLatest$$inlined$combine$1$2
io.netty.buffer.SizeClasses:
    public int sizeIdx2sizeCompute(int)
    public long pageIdx2size(int)
    public long pageIdx2sizeCompute(int)
    static final int LOG2_QUANTUM
    private static final int LOG2_SIZE_CLASS_GROUP
    private static final int LOG2_MAX_LOOKUP_SIZE
    private static final int INDEX_IDX
    private static final int LOG2GROUP_IDX
    private static final int LOG2DELTA_IDX
    private static final int NDELTA_IDX
    private static final int PAGESIZE_IDX
    private static final int SUBPAGE_IDX
    private static final int LOG2_DELTA_LOOKUP_IDX
    private static final byte no
    private static final byte yes
io.netty.util.AsyncMapping
kotlin.collections.jdk8.CollectionsJDK8Kt
kotlin.coroutines.intrinsics.IntrinsicsKt__IntrinsicsJvmKt:
    private static final java.lang.Object startCoroutineUninterceptedOrReturn(kotlin.jvm.functions.Function1,kotlin.coroutines.Continuation)
    private static final java.lang.Object startCoroutineUninterceptedOrReturn(kotlin.jvm.functions.Function2,java.lang.Object,kotlin.coroutines.Continuation)
    private static final java.lang.Object startCoroutineUninterceptedOrReturn(kotlin.jvm.functions.Function3,java.lang.Object,java.lang.Object,kotlin.coroutines.Continuation)
    public static final kotlin.coroutines.Continuation createCoroutineUnintercepted(kotlin.jvm.functions.Function1,kotlin.coroutines.Continuation)
    private static final kotlin.coroutines.Continuation createCoroutineFromSuspendFunction$IntrinsicsKt__IntrinsicsJvmKt(kotlin.coroutines.Continuation,kotlin.jvm.functions.Function1)
    public void <init>()
jxl.demo.ReadWrite
androidx.core.app.RemoteInput$EditChoicesBeforeSending
io.netty.util.concurrent.DefaultEventExecutor
androidx.transition.Transition$MatchOrder
io.netty.handler.codec.http.Cookie
io.netty.handler.ssl.OpenSsl
com.chwishay.commonlib.tools.PermissionUtil:
    public static synthetic com.chwishay.commonlib.tools.PermissionUtil requestPermission$default(com.chwishay.commonlib.tools.PermissionUtil,java.lang.String[],com.chwishay.commonlib.tools.PermissionUtil$IPermissionCallback,int,java.lang.Object)
    public static final int PERMISSION_REQ_CODE
org.jetbrains.anko.sdk27.coroutines.Sdk27CoroutinesListenersWithCoroutinesKt$onGroupExpand$1$1
androidx.navigation.ui.NavigationUI
io.netty.handler.codec.http2.Http2FrameReader$Configuration
androidx.core.hardware.fingerprint.FingerprintManagerCompat$1
org.jetbrains.anko.sdk27.coroutines.Sdk27CoroutinesListenersWithCoroutinesKt$onFocusChange$1
androidx.core.graphics.PathUtils
jxl.CellView:
    public void <init>(jxl.CellView)
    public void setDimension(int)
    public void setFormat(jxl.format.CellFormat)
    public void setAutosize(boolean)
kotlin.NumbersKt__NumbersKt
kotlin.Triple
androidx.transition.R$attr
androidx.recyclerview.widget.RecyclerView$AdapterDataObservable:
    public boolean hasObservers()
    public void notifyItemRangeChanged(int,int)
    public void notifyItemRangeChanged(int,int,java.lang.Object)
    public void notifyItemRangeInserted(int,int)
    public void notifyItemRangeRemoved(int,int)
    public void notifyItemMoved(int,int)
jxl.biff.formula.ErrorConstant:
    void handleImportedCellReferences()
io.netty.util.internal.shaded.org.jctools.queues.atomic.BaseLinkedAtomicQueuePad0